{
  message: 'Database connection successful',
  level: 'info',
  label: 'Shadi Mubarak',
  timestamp: '2025-03-09T17:01:08.087Z'
}
{
  message: 'app listening on port 5000',
  level: 'info',
  label: 'Shadi Mubarak',
  timestamp: '2025-03-09T17:01:08.102Z'
}
{
  message: 'Database connection successful',
  level: 'info',
  label: 'Shadi Mubarak',
  timestamp: '2025-03-09T17:02:02.694Z'
}
{
  message: 'app listening on port 5000',
  level: 'info',
  label: 'Shadi Mubarak',
  timestamp: '2025-03-09T17:02:02.727Z'
}
{
  message: 'Database connection successful',
  level: 'info',
  label: 'Shadi Mubarak',
  timestamp: '2025-03-09T17:02:25.653Z'
}
{
  message: 'app listening on port 5000',
  level: 'info',
  label: 'Shadi Mubarak',
  timestamp: '2025-03-09T17:02:25.664Z'
}
{
  message: 'Database connection successful',
  level: 'info',
  label: 'Shadi Mubarak',
  timestamp: '2025-03-09T17:02:34.011Z'
}
{
  message: 'app listening on port 5000',
  level: 'info',
  label: 'Shadi Mubarak',
  timestamp: '2025-03-09T17:02:34.025Z'
}
{
  message: 'Database connection successful',
  level: 'info',
  label: 'Shadi Mubarak',
  timestamp: '2025-03-09T17:06:09.704Z'
}
{
  message: 'app listening on port 5000',
  level: 'info',
  label: 'Shadi Mubarak',
  timestamp: '2025-03-09T17:06:09.714Z'
}
{
  message: 'Database connection successful',
  level: 'info',
  label: 'Shadi Mubarak',
  timestamp: '2025-03-09T17:06:39.448Z'
}
{
  message: 'app listening on port 5000',
  level: 'info',
  label: 'Shadi Mubarak',
  timestamp: '2025-03-09T17:06:39.468Z'
}
{
  message: 'Database connection successful',
  level: 'info',
  label: 'Shadi Mubarak',
  timestamp: '2025-03-09T17:07:14.482Z'
}
{
  message: 'app listening on port 5000',
  level: 'info',
  label: 'Shadi Mubarak',
  timestamp: '2025-03-09T17:07:14.501Z'
}
{
  message: 'Database connection successful',
  level: 'info',
  label: 'Shadi Mubarak',
  timestamp: '2025-03-09T17:07:17.617Z'
}
{
  message: 'app listening on port 5000',
  level: 'info',
  label: 'Shadi Mubarak',
  timestamp: '2025-03-09T17:07:17.655Z'
}
{
  message: 'Database connection successful',
  level: 'info',
  label: 'Shadi Mubarak',
  timestamp: '2025-03-09T17:08:16.942Z'
}
{
  message: 'app listening on port 5000',
  level: 'info',
  label: 'Shadi Mubarak',
  timestamp: '2025-03-09T17:08:16.965Z'
}
{
  message: 'Database connection successful',
  level: 'info',
  label: 'Shadi Mubarak',
  timestamp: '2025-03-09T17:08:32.743Z'
}
{
  message: 'app listening on port 5000',
  level: 'info',
  label: 'Shadi Mubarak',
  timestamp: '2025-03-09T17:08:32.780Z'
}
{
  message: 'Database connection successful',
  level: 'info',
  label: 'Shadi Mubarak',
  timestamp: '2025-03-09T17:15:03.331Z'
}
{
  message: 'app listening on port 5000',
  level: 'info',
  label: 'Shadi Mubarak',
  timestamp: '2025-03-09T17:15:03.364Z'
}
{
  message: 'Database connection successful',
  level: 'info',
  label: 'Shadi Mubarak',
  timestamp: '2025-03-09T17:20:30.813Z'
}
{
  message: 'app listening on port 5000',
  level: 'info',
  label: 'Shadi Mubarak',
  timestamp: '2025-03-09T17:20:30.822Z'
}
{
  message: 'Database connection successful',
  level: 'info',
  label: 'Shadi Mubarak',
  timestamp: '2025-03-09T17:21:34.955Z'
}
{
  message: 'app listening on port 5000',
  level: 'info',
  label: 'Shadi Mubarak',
  timestamp: '2025-03-09T17:21:34.990Z'
}
{
  message: 'Database connection successful',
  level: 'info',
  label: 'Shadi Mubarak',
  timestamp: '2025-03-09T17:22:09.323Z'
}
{
  message: 'app listening on port 5000',
  level: 'info',
  label: 'Shadi Mubarak',
  timestamp: '2025-03-09T17:22:09.332Z'
}
{
  message: 'Database connection successful',
  level: 'info',
  label: 'Shadi Mubarak',
  timestamp: '2025-03-09T17:22:31.491Z'
}
{
  message: 'app listening on port 5000',
  level: 'info',
  label: 'Shadi Mubarak',
  timestamp: '2025-03-09T17:22:31.512Z'
}
{
  message: 'Database connection successful',
  level: 'info',
  label: 'Shadi Mubarak',
  timestamp: '2025-03-09T17:28:06.322Z'
}
{
  message: 'app listening on port 5000',
  level: 'info',
  label: 'Shadi Mubarak',
  timestamp: '2025-03-09T17:28:06.397Z'
}
{
  message: 'Database connection successful',
  level: 'info',
  label: 'Shadi Mubarak',
  timestamp: '2025-03-09T17:56:36.021Z'
}
{
  message: 'app listening on port 5000',
  level: 'info',
  label: 'Shadi Mubarak',
  timestamp: '2025-03-09T17:56:36.040Z'
}
{
  message: 'Database connection successful',
  level: 'info',
  label: 'Shadi Mubarak',
  timestamp: '2025-03-09T17:58:44.586Z'
}
{
  message: 'app listening on port 5000',
  level: 'info',
  label: 'Shadi Mubarak',
  timestamp: '2025-03-09T17:58:44.662Z'
}
{
  message: 'Database connection successful',
  level: 'info',
  label: 'Shadi Mubarak',
  timestamp: '2025-03-09T17:59:23.036Z'
}
{
  message: 'app listening on port 5000',
  level: 'info',
  label: 'Shadi Mubarak',
  timestamp: '2025-03-09T17:59:23.050Z'
}
