{
  message: 'Database connection successful',
  level: 'info',
  label: 'Shadi Mubarak',
  timestamp: '2025-03-09T18:01:46.958Z'
}
{
  message: 'app listening on port 5000',
  level: 'info',
  label: 'Shadi Mubarak',
  timestamp: '2025-03-09T18:01:47.009Z'
}
{
  message: 'Database connection successful',
  level: 'info',
  label: 'Shadi Mubarak',
  timestamp: '2025-03-09T18:03:48.224Z'
}
{
  message: 'app listening on port 5000',
  level: 'info',
  label: 'Shadi Mubarak',
  timestamp: '2025-03-09T18:03:48.283Z'
}
{
  message: 'Database connection successful',
  level: 'info',
  label: 'Shadi Mubarak',
  timestamp: '2025-03-09T18:04:08.421Z'
}
{
  message: 'app listening on port 5000',
  level: 'info',
  label: 'Shadi Mubarak',
  timestamp: '2025-03-09T18:04:08.440Z'
}
{
  message: 'Database connection successful',
  level: 'info',
  label: 'Shadi Mubarak',
  timestamp: '2025-03-09T18:04:28.387Z'
}
{
  message: 'app listening on port 5000',
  level: 'info',
  label: 'Shadi Mubarak',
  timestamp: '2025-03-09T18:04:28.404Z'
}
{
  message: 'Database connection successful',
  level: 'info',
  label: 'Shadi Mubarak',
  timestamp: '2025-03-09T18:04:34.279Z'
}
{
  message: 'app listening on port 5000',
  level: 'info',
  label: 'Shadi Mubarak',
  timestamp: '2025-03-09T18:04:34.304Z'
}
{
  message: 'Database connection successful',
  level: 'info',
  label: 'Shadi Mubarak',
  timestamp: '2025-03-09T18:04:52.781Z'
}
{
  message: 'app listening on port 5000',
  level: 'info',
  label: 'Shadi Mubarak',
  timestamp: '2025-03-09T18:04:52.794Z'
}
{
  message: 'Database connection successful',
  level: 'info',
  label: 'Shadi Mubarak',
  timestamp: '2025-03-09T18:05:02.119Z'
}
{
  message: 'app listening on port 5000',
  level: 'info',
  label: 'Shadi Mubarak',
  timestamp: '2025-03-09T18:05:02.147Z'
}
{
  message: 'Database connection successful',
  level: 'info',
  label: 'Shadi Mubarak',
  timestamp: '2025-03-09T18:07:10.202Z'
}
{
  message: 'app listening on port 5000',
  level: 'info',
  label: 'Shadi Mubarak',
  timestamp: '2025-03-09T18:07:10.230Z'
}
{
  message: 'Database connection successful',
  level: 'info',
  label: 'Shadi Mubarak',
  timestamp: '2025-03-09T18:10:13.125Z'
}
{
  message: 'app listening on port 5000',
  level: 'info',
  label: 'Shadi Mubarak',
  timestamp: '2025-03-09T18:10:13.135Z'
}
{
  message: 'Database connection successful',
  level: 'info',
  label: 'Shadi Mubarak',
  timestamp: '2025-03-09T18:11:45.540Z'
}
{
  message: 'app listening on port 5000',
  level: 'info',
  label: 'Shadi Mubarak',
  timestamp: '2025-03-09T18:11:45.552Z'
}
{
  message: 'Database connection successful',
  level: 'info',
  label: 'Shadi Mubarak',
  timestamp: '2025-03-09T18:14:43.127Z'
}
{
  message: 'app listening on port 5000',
  level: 'info',
  label: 'Shadi Mubarak',
  timestamp: '2025-03-09T18:14:43.142Z'
}
{
  message: 'Database connection successful',
  level: 'info',
  label: 'Shadi Mubarak',
  timestamp: '2025-03-09T18:15:06.480Z'
}
{
  message: 'app listening on port 5000',
  level: 'info',
  label: 'Shadi Mubarak',
  timestamp: '2025-03-09T18:15:06.496Z'
}
{
  message: 'Database connection successful',
  level: 'info',
  label: 'Shadi Mubarak',
  timestamp: '2025-03-09T18:16:50.201Z'
}
{
  message: 'app listening on port 5000',
  level: 'info',
  label: 'Shadi Mubarak',
  timestamp: '2025-03-09T18:16:50.217Z'
}
{
  message: 'Database connection successful',
  level: 'info',
  label: 'Shadi Mubarak',
  timestamp: '2025-03-09T18:17:36.949Z'
}
{
  message: 'app listening on port 5000',
  level: 'info',
  label: 'Shadi Mubarak',
  timestamp: '2025-03-09T18:17:36.964Z'
}
{
  message: 'Database connection successful',
  level: 'info',
  label: 'Shadi Mubarak',
  timestamp: '2025-03-09T18:18:23.891Z'
}
{
  message: 'app listening on port 5000',
  level: 'info',
  label: 'Shadi Mubarak',
  timestamp: '2025-03-09T18:18:23.910Z'
}
{
  message: 'Database connection successful',
  level: 'info',
  label: 'Shadi Mubarak',
  timestamp: '2025-03-09T18:18:39.032Z'
}
{
  message: 'app listening on port 5000',
  level: 'info',
  label: 'Shadi Mubarak',
  timestamp: '2025-03-09T18:18:39.050Z'
}
{
  message: 'Database connection successful',
  level: 'info',
  label: 'Shadi Mubarak',
  timestamp: '2025-03-09T18:18:52.065Z'
}
{
  message: 'app listening on port 5000',
  level: 'info',
  label: 'Shadi Mubarak',
  timestamp: '2025-03-09T18:18:52.086Z'
}
{
  message: 'Database connection successful',
  level: 'info',
  label: 'Shadi Mubarak',
  timestamp: '2025-03-09T18:19:08.679Z'
}
{
  message: 'app listening on port 5000',
  level: 'info',
  label: 'Shadi Mubarak',
  timestamp: '2025-03-09T18:19:08.707Z'
}
{
  message: 'Database connection successful',
  level: 'info',
  label: 'Shadi Mubarak',
  timestamp: '2025-03-09T18:23:02.373Z'
}
{
  message: 'app listening on port 5000',
  level: 'info',
  label: 'Shadi Mubarak',
  timestamp: '2025-03-09T18:23:02.387Z'
}
{
  message: 'Database connection successful',
  level: 'info',
  label: 'Shadi Mubarak',
  timestamp: '2025-03-09T18:23:28.527Z'
}
{
  message: 'app listening on port 5000',
  level: 'info',
  label: 'Shadi Mubarak',
  timestamp: '2025-03-09T18:23:28.542Z'
}
{
  message: 'Database connection successful',
  level: 'info',
  label: 'Shadi Mubarak',
  timestamp: '2025-03-09T18:25:05.036Z'
}
{
  message: 'app listening on port 5000',
  level: 'info',
  label: 'Shadi Mubarak',
  timestamp: '2025-03-09T18:25:05.165Z'
}
{
  message: 'Database connection successful',
  level: 'info',
  label: 'Shadi Mubarak',
  timestamp: '2025-03-09T18:25:14.975Z'
}
{
  message: 'app listening on port 5000',
  level: 'info',
  label: 'Shadi Mubarak',
  timestamp: '2025-03-09T18:25:14.984Z'
}
{
  message: 'Database connection successful',
  level: 'info',
  label: 'Shadi Mubarak',
  timestamp: '2025-03-09T18:25:28.646Z'
}
{
  message: 'app listening on port 5000',
  level: 'info',
  label: 'Shadi Mubarak',
  timestamp: '2025-03-09T18:25:28.664Z'
}
{
  message: 'Database connection successful',
  level: 'info',
  label: 'Shadi Mubarak',
  timestamp: '2025-03-09T18:26:39.302Z'
}
{
  message: 'app listening on port 5000',
  level: 'info',
  label: 'Shadi Mubarak',
  timestamp: '2025-03-09T18:26:39.331Z'
}
{
  message: 'Database connection successful',
  level: 'info',
  label: 'Shadi Mubarak',
  timestamp: '2025-03-09T18:28:10.083Z'
}
{
  message: 'app listening on port 5000',
  level: 'info',
  label: 'Shadi Mubarak',
  timestamp: '2025-03-09T18:28:10.111Z'
}
{
  message: 'Database connection successful',
  level: 'info',
  label: 'Shadi Mubarak',
  timestamp: '2025-03-09T18:29:05.475Z'
}
{
  message: 'app listening on port 5000',
  level: 'info',
  label: 'Shadi Mubarak',
  timestamp: '2025-03-09T18:29:05.497Z'
}
{
  message: 'Database connection successful',
  level: 'info',
  label: 'Shadi Mubarak',
  timestamp: '2025-03-09T18:29:11.841Z'
}
{
  message: 'app listening on port 5000',
  level: 'info',
  label: 'Shadi Mubarak',
  timestamp: '2025-03-09T18:29:11.852Z'
}
