{
  message: 'Database connection successful',
  level: 'info',
  label: 'Shadi Mubarak',
  timestamp: '2025-03-09T16:08:24.319Z'
}
{
  message: 'app listening on port 5000',
  level: 'info',
  label: 'Shadi Mubarak',
  timestamp: '2025-03-09T16:08:24.333Z'
}
{
  message: 'Database connection successful',
  level: 'info',
  label: 'Shadi Mubarak',
  timestamp: '2025-03-09T16:08:50.456Z'
}
{
  message: 'app listening on port 5000',
  level: 'info',
  label: 'Shadi Mubarak',
  timestamp: '2025-03-09T16:08:50.475Z'
}
{
  message: 'Database connection successful',
  level: 'info',
  label: 'Shadi Mubarak',
  timestamp: '2025-03-09T16:09:01.727Z'
}
{
  message: 'app listening on port 5000',
  level: 'info',
  label: 'Shadi Mubarak',
  timestamp: '2025-03-09T16:09:01.745Z'
}
{
  message: 'Database connection successful',
  level: 'info',
  label: 'Shadi Mubarak',
  timestamp: '2025-03-09T16:09:05.398Z'
}
{
  message: 'app listening on port 5000',
  level: 'info',
  label: 'Shadi Mubarak',
  timestamp: '2025-03-09T16:09:05.409Z'
}
{
  message: 'Database connection successful',
  level: 'info',
  label: 'Shadi Mubarak',
  timestamp: '2025-03-09T16:11:04.919Z'
}
{
  message: 'app listening on port 5000',
  level: 'info',
  label: 'Shadi Mubarak',
  timestamp: '2025-03-09T16:11:04.940Z'
}
{
  message: 'Database connection successful',
  level: 'info',
  label: 'Shadi Mubarak',
  timestamp: '2025-03-09T16:11:46.156Z'
}
{
  message: 'app listening on port 5000',
  level: 'info',
  label: 'Shadi Mubarak',
  timestamp: '2025-03-09T16:11:46.175Z'
}
{
  message: 'Database connection successful',
  level: 'info',
  label: 'Shadi Mubarak',
  timestamp: '2025-03-09T16:11:53.228Z'
}
{
  message: 'app listening on port 5000',
  level: 'info',
  label: 'Shadi Mubarak',
  timestamp: '2025-03-09T16:11:53.243Z'
}
{
  message: 'Database connection successful',
  level: 'info',
  label: 'Shadi Mubarak',
  timestamp: '2025-03-09T16:11:59.954Z'
}
{
  message: 'app listening on port 5000',
  level: 'info',
  label: 'Shadi Mubarak',
  timestamp: '2025-03-09T16:11:59.968Z'
}
{
  message: 'Database connection successful',
  level: 'info',
  label: 'Shadi Mubarak',
  timestamp: '2025-03-09T16:12:39.465Z'
}
{
  message: 'app listening on port 5000',
  level: 'info',
  label: 'Shadi Mubarak',
  timestamp: '2025-03-09T16:12:39.477Z'
}
{
  message: 'Database connection successful',
  level: 'info',
  label: 'Shadi Mubarak',
  timestamp: '2025-03-09T16:12:51.740Z'
}
{
  message: 'app listening on port 5000',
  level: 'info',
  label: 'Shadi Mubarak',
  timestamp: '2025-03-09T16:12:51.751Z'
}
{
  message: 'Database connection successful',
  level: 'info',
  label: 'Shadi Mubarak',
  timestamp: '2025-03-09T16:13:13.296Z'
}
{
  message: 'app listening on port 5000',
  level: 'info',
  label: 'Shadi Mubarak',
  timestamp: '2025-03-09T16:13:13.314Z'
}
{
  message: 'Database connection successful',
  level: 'info',
  label: 'Shadi Mubarak',
  timestamp: '2025-03-09T16:13:21.989Z'
}
{
  message: 'app listening on port 5000',
  level: 'info',
  label: 'Shadi Mubarak',
  timestamp: '2025-03-09T16:13:21.998Z'
}
{
  message: 'Database connection successful',
  level: 'info',
  label: 'Shadi Mubarak',
  timestamp: '2025-03-09T16:14:17.770Z'
}
{
  message: 'app listening on port 5000',
  level: 'info',
  label: 'Shadi Mubarak',
  timestamp: '2025-03-09T16:14:17.778Z'
}
{
  message: 'Database connection successful',
  level: 'info',
  label: 'Shadi Mubarak',
  timestamp: '2025-03-09T16:15:06.700Z'
}
{
  message: 'app listening on port 5000',
  level: 'info',
  label: 'Shadi Mubarak',
  timestamp: '2025-03-09T16:15:06.711Z'
}
{
  message: 'Database connection successful',
  level: 'info',
  label: 'Shadi Mubarak',
  timestamp: '2025-03-09T16:15:22.170Z'
}
{
  message: 'app listening on port 5000',
  level: 'info',
  label: 'Shadi Mubarak',
  timestamp: '2025-03-09T16:15:22.189Z'
}
{
  message: 'Database connection successful',
  level: 'info',
  label: 'Shadi Mubarak',
  timestamp: '2025-03-09T16:15:46.172Z'
}
{
  message: 'app listening on port 5000',
  level: 'info',
  label: 'Shadi Mubarak',
  timestamp: '2025-03-09T16:15:46.187Z'
}
{
  message: 'Database connection successful',
  level: 'info',
  label: 'Shadi Mubarak',
  timestamp: '2025-03-09T16:19:18.819Z'
}
{
  message: 'app listening on port 5000',
  level: 'info',
  label: 'Shadi Mubarak',
  timestamp: '2025-03-09T16:19:18.851Z'
}
{
  message: 'Database connection successful',
  level: 'info',
  label: 'Shadi Mubarak',
  timestamp: '2025-03-09T16:19:27.034Z'
}
{
  message: 'app listening on port 5000',
  level: 'info',
  label: 'Shadi Mubarak',
  timestamp: '2025-03-09T16:19:27.049Z'
}
{
  message: 'Database connection successful',
  level: 'info',
  label: 'Shadi Mubarak',
  timestamp: '2025-03-09T16:19:44.526Z'
}
{
  message: 'app listening on port 5000',
  level: 'info',
  label: 'Shadi Mubarak',
  timestamp: '2025-03-09T16:19:44.564Z'
}
{
  message: 'Database connection successful',
  level: 'info',
  label: 'Shadi Mubarak',
  timestamp: '2025-03-09T16:20:38.995Z'
}
{
  message: 'app listening on port 5000',
  level: 'info',
  label: 'Shadi Mubarak',
  timestamp: '2025-03-09T16:20:39.007Z'
}
{
  message: 'Database connection successful',
  level: 'info',
  label: 'Shadi Mubarak',
  timestamp: '2025-03-09T16:23:24.237Z'
}
{
  message: 'app listening on port 5000',
  level: 'info',
  label: 'Shadi Mubarak',
  timestamp: '2025-03-09T16:23:24.255Z'
}
{
  message: 'Database connection successful',
  level: 'info',
  label: 'Shadi Mubarak',
  timestamp: '2025-03-09T16:24:22.430Z'
}
{
  message: 'app listening on port 5000',
  level: 'info',
  label: 'Shadi Mubarak',
  timestamp: '2025-03-09T16:24:22.447Z'
}
{
  message: 'Database connection successful',
  level: 'info',
  label: 'Shadi Mubarak',
  timestamp: '2025-03-09T16:24:39.078Z'
}
{
  message: 'app listening on port 5000',
  level: 'info',
  label: 'Shadi Mubarak',
  timestamp: '2025-03-09T16:24:39.095Z'
}
{
  message: 'Database connection successful',
  level: 'info',
  label: 'Shadi Mubarak',
  timestamp: '2025-03-09T16:25:13.741Z'
}
{
  message: 'app listening on port 5000',
  level: 'info',
  label: 'Shadi Mubarak',
  timestamp: '2025-03-09T16:25:13.749Z'
}
{
  message: 'Database connection successful',
  level: 'info',
  label: 'Shadi Mubarak',
  timestamp: '2025-03-09T16:25:54.527Z'
}
{
  message: 'app listening on port 5000',
  level: 'info',
  label: 'Shadi Mubarak',
  timestamp: '2025-03-09T16:25:54.549Z'
}
{
  message: 'Database connection successful',
  level: 'info',
  label: 'Shadi Mubarak',
  timestamp: '2025-03-09T16:26:35.563Z'
}
{
  message: 'app listening on port 5000',
  level: 'info',
  label: 'Shadi Mubarak',
  timestamp: '2025-03-09T16:26:35.580Z'
}
{
  message: 'Database connection successful',
  level: 'info',
  label: 'Shadi Mubarak',
  timestamp: '2025-03-09T16:27:26.122Z'
}
{
  message: 'app listening on port 5000',
  level: 'info',
  label: 'Shadi Mubarak',
  timestamp: '2025-03-09T16:27:26.154Z'
}
{
  message: 'Database connection successful',
  level: 'info',
  label: 'Shadi Mubarak',
  timestamp: '2025-03-09T16:27:51.500Z'
}
{
  message: 'app listening on port 5000',
  level: 'info',
  label: 'Shadi Mubarak',
  timestamp: '2025-03-09T16:27:51.518Z'
}
{
  message: 'Database connection successful',
  level: 'info',
  label: 'Shadi Mubarak',
  timestamp: '2025-03-09T16:28:54.092Z'
}
{
  message: 'app listening on port 5000',
  level: 'info',
  label: 'Shadi Mubarak',
  timestamp: '2025-03-09T16:28:54.120Z'
}
{
  message: 'Database connection successful',
  level: 'info',
  label: 'Shadi Mubarak',
  timestamp: '2025-03-09T16:29:30.282Z'
}
{
  message: 'app listening on port 5000',
  level: 'info',
  label: 'Shadi Mubarak',
  timestamp: '2025-03-09T16:29:30.305Z'
}
{
  message: 'Database connection successful',
  level: 'info',
  label: 'Shadi Mubarak',
  timestamp: '2025-03-09T16:30:49.440Z'
}
{
  message: 'app listening on port 5000',
  level: 'info',
  label: 'Shadi Mubarak',
  timestamp: '2025-03-09T16:30:49.478Z'
}
{
  message: 'Database connection successful',
  level: 'info',
  label: 'Shadi Mubarak',
  timestamp: '2025-03-09T16:32:09.052Z'
}
{
  message: 'app listening on port 5000',
  level: 'info',
  label: 'Shadi Mubarak',
  timestamp: '2025-03-09T16:32:09.067Z'
}
{
  message: 'Database connection successful',
  level: 'info',
  label: 'Shadi Mubarak',
  timestamp: '2025-03-09T16:32:16.660Z'
}
{
  message: 'app listening on port 5000',
  level: 'info',
  label: 'Shadi Mubarak',
  timestamp: '2025-03-09T16:32:16.671Z'
}
{
  message: 'Database connection successful',
  level: 'info',
  label: 'Shadi Mubarak',
  timestamp: '2025-03-09T16:32:48.474Z'
}
{
  message: 'app listening on port 5000',
  level: 'info',
  label: 'Shadi Mubarak',
  timestamp: '2025-03-09T16:32:48.495Z'
}
{
  message: 'Database connection successful',
  level: 'info',
  label: 'Shadi Mubarak',
  timestamp: '2025-03-09T16:33:07.293Z'
}
{
  message: 'app listening on port 5000',
  level: 'info',
  label: 'Shadi Mubarak',
  timestamp: '2025-03-09T16:33:07.310Z'
}
{
  message: 'Database connection successful',
  level: 'info',
  label: 'Shadi Mubarak',
  timestamp: '2025-03-09T16:36:51.787Z'
}
{
  message: 'app listening on port 5000',
  level: 'info',
  label: 'Shadi Mubarak',
  timestamp: '2025-03-09T16:36:51.802Z'
}
{
  message: 'Database connection successful',
  level: 'info',
  label: 'Shadi Mubarak',
  timestamp: '2025-03-09T16:37:34.540Z'
}
{
  message: 'app listening on port 5000',
  level: 'info',
  label: 'Shadi Mubarak',
  timestamp: '2025-03-09T16:37:34.574Z'
}
{
  message: 'Database connection successful',
  level: 'info',
  label: 'Shadi Mubarak',
  timestamp: '2025-03-09T16:38:08.018Z'
}
{
  message: 'app listening on port 5000',
  level: 'info',
  label: 'Shadi Mubarak',
  timestamp: '2025-03-09T16:38:08.030Z'
}
{
  message: 'Database connection successful',
  level: 'info',
  label: 'Shadi Mubarak',
  timestamp: '2025-03-09T16:38:43.741Z'
}
{
  message: 'app listening on port 5000',
  level: 'info',
  label: 'Shadi Mubarak',
  timestamp: '2025-03-09T16:38:43.755Z'
}
{
  message: 'Database connection successful',
  level: 'info',
  label: 'Shadi Mubarak',
  timestamp: '2025-03-09T16:39:40.210Z'
}
{
  message: 'app listening on port 5000',
  level: 'info',
  label: 'Shadi Mubarak',
  timestamp: '2025-03-09T16:39:40.220Z'
}
{
  message: 'Database connection successful',
  level: 'info',
  label: 'Shadi Mubarak',
  timestamp: '2025-03-09T16:41:50.389Z'
}
{
  message: 'app listening on port 5000',
  level: 'info',
  label: 'Shadi Mubarak',
  timestamp: '2025-03-09T16:41:50.409Z'
}
{
  message: 'Database connection successful',
  level: 'info',
  label: 'Shadi Mubarak',
  timestamp: '2025-03-09T16:46:47.219Z'
}
{
  message: 'app listening on port 5000',
  level: 'info',
  label: 'Shadi Mubarak',
  timestamp: '2025-03-09T16:46:47.238Z'
}
{
  message: 'Database connection successful',
  level: 'info',
  label: 'Shadi Mubarak',
  timestamp: '2025-03-09T16:47:24.482Z'
}
{
  message: 'app listening on port 5000',
  level: 'info',
  label: 'Shadi Mubarak',
  timestamp: '2025-03-09T16:47:24.511Z'
}
{
  message: 'Database connection successful',
  level: 'info',
  label: 'Shadi Mubarak',
  timestamp: '2025-03-09T16:50:19.130Z'
}
{
  message: 'app listening on port 5000',
  level: 'info',
  label: 'Shadi Mubarak',
  timestamp: '2025-03-09T16:50:19.142Z'
}
{
  message: 'Database connection successful',
  level: 'info',
  label: 'Shadi Mubarak',
  timestamp: '2025-03-09T16:51:16.744Z'
}
{
  message: 'app listening on port 5000',
  level: 'info',
  label: 'Shadi Mubarak',
  timestamp: '2025-03-09T16:51:16.769Z'
}
{
  message: 'Database connection successful',
  level: 'info',
  label: 'Shadi Mubarak',
  timestamp: '2025-03-09T16:51:31.634Z'
}
{
  message: 'app listening on port 5000',
  level: 'info',
  label: 'Shadi Mubarak',
  timestamp: '2025-03-09T16:51:31.652Z'
}
{
  message: 'Database connection successful',
  level: 'info',
  label: 'Shadi Mubarak',
  timestamp: '2025-03-09T16:52:13.253Z'
}
{
  message: 'app listening on port 5000',
  level: 'info',
  label: 'Shadi Mubarak',
  timestamp: '2025-03-09T16:52:13.267Z'
}
{
  message: 'Database connection successful',
  level: 'info',
  label: 'Shadi Mubarak',
  timestamp: '2025-03-09T16:52:21.663Z'
}
{
  message: 'app listening on port 5000',
  level: 'info',
  label: 'Shadi Mubarak',
  timestamp: '2025-03-09T16:52:21.703Z'
}
{
  message: 'Database connection successful',
  level: 'info',
  label: 'Shadi Mubarak',
  timestamp: '2025-03-09T16:56:19.953Z'
}
{
  message: 'app listening on port 5000',
  level: 'info',
  label: 'Shadi Mubarak',
  timestamp: '2025-03-09T16:56:19.962Z'
}
{
  message: 'Database connection successful',
  level: 'info',
  label: 'Shadi Mubarak',
  timestamp: '2025-03-09T16:56:34.382Z'
}
{
  message: 'app listening on port 5000',
  level: 'info',
  label: 'Shadi Mubarak',
  timestamp: '2025-03-09T16:56:34.400Z'
}
{
  message: 'Database connection successful',
  level: 'info',
  label: 'Shadi Mubarak',
  timestamp: '2025-03-09T16:56:38.755Z'
}
{
  message: 'app listening on port 5000',
  level: 'info',
  label: 'Shadi Mubarak',
  timestamp: '2025-03-09T16:56:38.782Z'
}
{
  message: 'Database connection successful',
  level: 'info',
  label: 'Shadi Mubarak',
  timestamp: '2025-03-09T16:59:21.024Z'
}
{
  message: 'app listening on port 5000',
  level: 'info',
  label: 'Shadi Mubarak',
  timestamp: '2025-03-09T16:59:21.048Z'
}
