{
  message: 'Database connection successful',
  level: 'info',
  label: 'Shadi Mubarak',
  timestamp: '2025-03-09T15:27:40.636Z'
}
{
  message: 'app listening on port 5000',
  level: 'info',
  label: 'Shadi Mubarak',
  timestamp: '2025-03-09T15:27:40.662Z'
}
{
  message: 'Database connection successful',
  level: 'info',
  label: 'Shadi Mubarak',
  timestamp: '2025-03-09T15:27:59.472Z'
}
{
  message: 'app listening on port 5000',
  level: 'info',
  label: 'Shadi Mubarak',
  timestamp: '2025-03-09T15:27:59.484Z'
}
{
  message: 'Database connection successful',
  level: 'info',
  label: 'Shadi Mubarak',
  timestamp: '2025-03-09T15:28:30.508Z'
}
{
  message: 'app listening on port 5000',
  level: 'info',
  label: 'Shadi Mubarak',
  timestamp: '2025-03-09T15:28:30.527Z'
}
{
  message: 'Database connection successful',
  level: 'info',
  label: 'Shadi Mubarak',
  timestamp: '2025-03-09T15:29:06.584Z'
}
{
  message: 'app listening on port 5000',
  level: 'info',
  label: 'Shadi Mubarak',
  timestamp: '2025-03-09T15:29:06.603Z'
}
