{
  message: 'Failed to connect database  connect ETIMEDOUT 159.41.242.65:27017',
  reason: TopologyDescription {
    type: 'ReplicaSetNoPrimary',
    servers: Map(3) {
      'cluster0-shard-00-01.qkd9p.mongodb.net:27017' => ServerDescription {
        address: 'cluster0-shard-00-01.qkd9p.mongodb.net:27017',
        type: 'Unknown',
        hosts: [],
        passives: [],
        arbiters: [],
        tags: {},
        minWireVersion: 0,
        maxWireVersion: 0,
        roundTripTime: -1,
        lastUpdateTime: 566678141,
        lastWriteDate: 0,
        error: MongoNetworkError: connect ETIMEDOUT 159.41.242.65:27017
            at connectionFailureError (D:\Shadi Mubarak\Shadi_Mubarak_Backend\node_modules\mongodb\src\cmap\connect.ts:493:14)
            at TLSSocket.<anonymous> (D:\Shadi Mubarak\Shadi_Mubarak_Backend\node_modules\mongodb\src\cmap\connect.ts:394:16)
            at Object.onceWrapper (node:events:634:26)
            at TLSSocket.emit (node:events:519:28)
            at emitErrorNT (node:internal/streams/destroy:169:8)
            at emitErrorCloseNT (node:internal/streams/destroy:128:3)
            at processTicksAndRejections (node:internal/process/task_queues:82:21) {
          cause: Error: connect ETIMEDOUT 159.41.242.65:27017
              at TCPConnectWrap.afterConnect [as oncomplete] (node:net:1607:16) {
            errno: -4039,
            code: 'ETIMEDOUT',
            syscall: 'connect',
            address: '159.41.242.65',
            port: 27017
          },
          [Symbol(errorLabels)]: Set(1) { 'ResetPool' }
        },
        topologyVersion: null,
        setName: null,
        setVersion: null,
        electionId: null,
        logicalSessionTimeoutMinutes: null,
        primary: null,
        me: null,
        '$clusterTime': null
      },
      'cluster0-shard-00-02.qkd9p.mongodb.net:27017' => ServerDescription {
        address: 'cluster0-shard-00-02.qkd9p.mongodb.net:27017',
        type: 'Unknown',
        hosts: [],
        passives: [],
        arbiters: [],
        tags: {},
        minWireVersion: 0,
        maxWireVersion: 0,
        roundTripTime: -1,
        lastUpdateTime: 566678137,
        lastWriteDate: 0,
        error: MongoNetworkError: connect ETIMEDOUT 159.41.242.58:27017
            at connectionFailureError (D:\Shadi Mubarak\Shadi_Mubarak_Backend\node_modules\mongodb\src\cmap\connect.ts:493:14)
            at TLSSocket.<anonymous> (D:\Shadi Mubarak\Shadi_Mubarak_Backend\node_modules\mongodb\src\cmap\connect.ts:394:16)
            at Object.onceWrapper (node:events:634:26)
            at TLSSocket.emit (node:events:519:28)
            at emitErrorNT (node:internal/streams/destroy:169:8)
            at emitErrorCloseNT (node:internal/streams/destroy:128:3)
            at processTicksAndRejections (node:internal/process/task_queues:82:21) {
          cause: Error: connect ETIMEDOUT 159.41.242.58:27017
              at TCPConnectWrap.afterConnect [as oncomplete] (node:net:1607:16) {
            errno: -4039,
            code: 'ETIMEDOUT',
            syscall: 'connect',
            address: '159.41.242.58',
            port: 27017
          },
          [Symbol(errorLabels)]: Set(1) { 'ResetPool' }
        },
        topologyVersion: null,
        setName: null,
        setVersion: null,
        electionId: null,
        logicalSessionTimeoutMinutes: null,
        primary: null,
        me: null,
        '$clusterTime': null
      },
      'cluster0-shard-00-00.qkd9p.mongodb.net:27017' => ServerDescription {
        address: 'cluster0-shard-00-00.qkd9p.mongodb.net:27017',
        type: 'RSSecondary',
        hosts: [
          'cluster0-shard-00-00.qkd9p.mongodb.net:27017',
          'cluster0-shard-00-01.qkd9p.mongodb.net:27017',
          'cluster0-shard-00-02.qkd9p.mongodb.net:27017'
        ],
        passives: [],
        arbiters: [],
        tags: {
          nodeType: 'ELECTABLE',
          provider: 'AWS',
          workloadType: 'OPERATIONAL',
          availabilityZone: 'aps1-az1',
          diskState: 'READY',
          region: 'AP_SOUTH_1'
        },
        minWireVersion: 0,
        maxWireVersion: 25,
        roundTripTime: 295.68000000000006,
        lastUpdateTime: 566678073,
        lastWriteDate: 2025-04-17T17:26:31.000Z,
        error: null,
        topologyVersion: {
          processId: new ObjectId("67ffc26f8c8b10d785edbc57"),
          counter: 4
        },
        setName: 'atlas-s9l5iu-shard-0',
        setVersion: 166,
        electionId: null,
        logicalSessionTimeoutMinutes: 30,
        primary: 'cluster0-shard-00-01.qkd9p.mongodb.net:27017',
        me: 'cluster0-shard-00-00.qkd9p.mongodb.net:27017',
        '$clusterTime': {
          clusterTime: new Timestamp({ t: 1744910791, i: 68 }),
          signature: {
            hash: Binary.createFromBase64("FBlUWkXDRTrwUxbfFFHYxCtcE1c=", 0),
            keyId: new Long("7458384844658049028")
          }
        }
      }
    },
    stale: false,
    compatible: true,
    heartbeatFrequencyMS: 10000,
    localThresholdMS: 15,
    setName: 'atlas-s9l5iu-shard-0',
    maxElectionId: null,
    maxSetVersion: null,
    commonWireVersion: 0,
    logicalSessionTimeoutMinutes: 30
  },
  code: undefined,
  level: 'error',
  stack: 'MongooseServerSelectionError: connect ETIMEDOUT 159.41.242.65:27017\n' +
    '    at _handleConnectionErrors (D:\\Shadi Mubarak\\Shadi_Mubarak_Backend\\node_modules\\mongoose\\lib\\connection.js:816:11)\n' +
    '    at NativeConnection.openUri (D:\\Shadi Mubarak\\Shadi_Mubarak_Backend\\node_modules\\mongoose\\lib\\connection.js:791:11)\n' +
    '    at processTicksAndRejections (node:internal/process/task_queues:95:5)',
  label: 'Shadi Mubarak!',
  timestamp: '2025-04-17T17:26:40.691Z'
}
