{
  errno: undefined,
  code: 'ETIMEOUT',
  syscall: 'querySrv',
  hostname: '_mongodb._tcp.cluster0.qkd9p.mongodb.net',
  level: 'error',
  message: 'Failed to connect database  querySrv ETIMEOUT _mongodb._tcp.cluster0.qkd9p.mongodb.net',
  stack: 'Error: querySrv ETIMEOUT _mongodb._tcp.cluster0.qkd9p.mongodb.net\n' +
    '    at QueryReqWrap.onresolve [as oncomplete] (node:internal/dns/promises:291:17)',
  label: 'Shadi Mubarak!',
  timestamp: '2025-04-13T18:35:47.090Z'
}
{
  errno: undefined,
  code: 'ECONNREFUSED',
  syscall: 'querySrv',
  hostname: '_mongodb._tcp.cluster0.qkd9p.mongodb.net',
  level: 'error',
  message: 'Failed to connect database  querySrv ECONNREFUSED _mongodb._tcp.cluster0.qkd9p.mongodb.net',
  stack: 'Error: querySrv ECONNREFUSED _mongodb._tcp.cluster0.qkd9p.mongodb.net\n' +
    '    at QueryReqWrap.onresolve [as oncomplete] (node:internal/dns/promises:291:17)',
  label: 'Shadi Mubarak!',
  timestamp: '2025-04-13T18:36:10.925Z'
}
{
  errno: undefined,
  code: 'ECONNREFUSED',
  syscall: 'querySrv',
  hostname: '_mongodb._tcp.cluster0.qkd9p.mongodb.net',
  level: 'error',
  message: 'Failed to connect database  querySrv ECONNREFUSED _mongodb._tcp.cluster0.qkd9p.mongodb.net',
  stack: 'Error: querySrv ECONNREFUSED _mongodb._tcp.cluster0.qkd9p.mongodb.net\n' +
    '    at QueryReqWrap.onresolve [as oncomplete] (node:internal/dns/promises:291:17)',
  label: 'Shadi Mubarak!',
  timestamp: '2025-04-13T18:36:18.070Z'
}
{
  errno: undefined,
  code: 'ECONNREFUSED',
  syscall: 'querySrv',
  hostname: '_mongodb._tcp.cluster0.qkd9p.mongodb.net',
  level: 'error',
  message: 'Failed to connect database  querySrv ECONNREFUSED _mongodb._tcp.cluster0.qkd9p.mongodb.net',
  stack: 'Error: querySrv ECONNREFUSED _mongodb._tcp.cluster0.qkd9p.mongodb.net\n' +
    '    at QueryReqWrap.onresolve [as oncomplete] (node:internal/dns/promises:291:17)',
  label: 'Shadi Mubarak!',
  timestamp: '2025-04-13T18:36:22.297Z'
}
