{
  statusCode: 403,
  level: 'error',
  label: 'Shadi Mubarak!',
  timestamp: '2025-04-04T07:08:51.842Z'
}
{
  statusCode: 403,
  level: 'error',
  label: 'Shadi Mubarak!',
  timestamp: '2025-04-04T07:09:47.076Z'
}
{
  statusCode: 403,
  level: 'error',
  label: 'Shadi Mubarak!',
  timestamp: '2025-04-04T07:10:30.811Z'
}
{
  statusCode: 404,
  level: 'error',
  label: 'Shadi Mubarak!',
  timestamp: '2025-04-04T07:11:26.018Z'
}
{
  statusCode: 403,
  level: 'error',
  label: 'Shadi Mubarak!',
  timestamp: '2025-04-04T07:13:51.917Z'
}
{
  name: 'JsonWebTokenError',
  message: 'invalid signature',
  level: 'error',
  label: 'Shadi Mubarak!',
  timestamp: '2025-04-04T07:15:16.191Z'
}
