{
  statusCode: 404,
  level: 'error',
  label: 'Shadi Mubarak!',
  timestamp: '2025-04-04T09:17:10.924Z'
}
{
  statusCode: 404,
  level: 'error',
  label: 'Shadi Mubarak!',
  timestamp: '2025-04-04T09:21:15.642Z'
}
{
  statusCode: 404,
  level: 'error',
  label: 'Shadi Mubarak!',
  timestamp: '2025-04-04T09:24:02.197Z'
}
{
  statusCode: 404,
  level: 'error',
  label: 'Shadi Mubarak!',
  timestamp: '2025-04-04T09:27:11.389Z'
}
{
  statusCode: 400,
  level: 'error',
  label: 'Shadi Mubarak!',
  timestamp: '2025-04-04T09:39:47.415Z'
}
{
  level: 'error',
  label: 'Shadi Mubarak!',
  timestamp: '2025-04-04T09:40:17.850Z'
}
